2018-Mar-11 16:53:49.968 ERROR [main] o.s.b.l.LoggingApplicationListener - Cannot set level: INFO,ERRORS for 'null'
2018-Mar-11 16:53:50.258 INFO  [main] c.p.student.App - Starting App on prasad-PC with PID 3724 (C:\Users\prasad\ProjectWorkspace\StudentRestdb\target\classes started by prasad in C:\Users\prasad\ProjectWorkspace\StudentRestdb)
2018-Mar-11 16:53:50.259 INFO  [main] c.p.student.App - No active profile set, falling back to default profiles: default
2018-Mar-11 16:53:50.393 INFO  [main] o.s.b.c.e.AnnotationConfigEmbeddedWebApplicationContext - Refreshing org.springframework.boot.context.embedded.AnnotationConfigEmbeddedWebApplicationContext@1defd3f: startup date [Sun Mar 11 16:53:50 IST 2018]; root of context hierarchy
2018-Mar-11 16:53:53.478 INFO  [main] o.s.b.c.e.t.TomcatEmbeddedServletContainer - Tomcat initialized with port(s): 8080 (http)
2018-Mar-11 16:53:53.516 INFO  [main] o.a.c.c.StandardService - Starting service [Tomcat]
2018-Mar-11 16:53:53.519 INFO  [main] o.a.c.c.StandardEngine - Starting Servlet Engine: Apache Tomcat/8.5.23
2018-Mar-11 16:53:54.047 INFO  [localhost-startStop-1] o.a.j.s.TldScanner - At least one JAR was scanned for TLDs yet contained no TLDs. Enable debug logging for this logger for a complete list of JARs that were scanned but no TLDs were found in them. Skipping unneeded JARs during scanning can improve startup time and JSP compilation time.
2018-Mar-11 16:53:54.055 INFO  [localhost-startStop-1] o.a.c.c.C.[.[.[/] - Initializing Spring embedded WebApplicationContext
2018-Mar-11 16:53:54.055 INFO  [localhost-startStop-1] o.s.w.c.ContextLoader - Root WebApplicationContext: initialization completed in 3672 ms
2018-Mar-11 16:53:54.384 INFO  [localhost-startStop-1] o.s.b.w.s.ServletRegistrationBean - Mapping servlet: 'dispatcherServlet' to [/]
2018-Mar-11 16:53:54.391 INFO  [localhost-startStop-1] o.s.b.w.s.FilterRegistrationBean - Mapping filter: 'characterEncodingFilter' to: [/*]
2018-Mar-11 16:53:54.400 INFO  [localhost-startStop-1] o.s.b.w.s.FilterRegistrationBean - Mapping filter: 'hiddenHttpMethodFilter' to: [/*]
2018-Mar-11 16:53:54.400 INFO  [localhost-startStop-1] o.s.b.w.s.FilterRegistrationBean - Mapping filter: 'httpPutFormContentFilter' to: [/*]
2018-Mar-11 16:53:54.401 INFO  [localhost-startStop-1] o.s.b.w.s.FilterRegistrationBean - Mapping filter: 'requestContextFilter' to: [/*]
2018-Mar-11 16:53:54.568 INFO  [main] o.s.j.d.DriverManagerDataSource - Loaded JDBC driver: org.postgresql.Driver
2018-Mar-11 16:53:55.330 INFO  [main] o.s.w.s.m.m.a.RequestMappingHandlerAdapter - Looking for @ControllerAdvice: org.springframework.boot.context.embedded.AnnotationConfigEmbeddedWebApplicationContext@1defd3f: startup date [Sun Mar 11 16:53:50 IST 2018]; root of context hierarchy
2018-Mar-11 16:53:55.489 INFO  [main] o.s.w.s.m.m.a.RequestMappingHandlerMapping - Mapped "{[/student/add],methods=[PUT]}" onto public boolean com.prs.student.controller.StudentController.Addstudent(com.prs.student.model.studentdto)
2018-Mar-11 16:53:55.498 INFO  [main] o.s.w.s.m.m.a.RequestMappingHandlerMapping - Mapped "{[/student/get/{studentid}],methods=[GET]}" onto public com.prs.student.model.studentdto com.prs.student.controller.StudentController.GetStudent(long)
2018-Mar-11 16:53:55.506 INFO  [main] o.s.w.s.m.m.a.RequestMappingHandlerMapping - Mapped "{[/student/del],methods=[DELETE]}" onto public boolean com.prs.student.controller.StudentController.Deletestudent(com.prs.student.model.studentdto)
2018-Mar-11 16:53:55.514 INFO  [main] o.s.w.s.m.m.a.RequestMappingHandlerMapping - Mapped "{[/student/update],methods=[PUT]}" onto public boolean com.prs.student.controller.StudentController.updatestudent(com.prs.student.model.studentdto)
2018-Mar-11 16:53:55.514 INFO  [main] o.s.w.s.m.m.a.RequestMappingHandlerMapping - Mapped "{[/student/GetAll],methods=[GET]}" onto public java.util.List<com.prs.student.model.studentdto> com.prs.student.controller.StudentController.GetAllStudents()
2018-Mar-11 16:53:55.519 INFO  [main] o.s.w.s.m.m.a.RequestMappingHandlerMapping - Mapped "{[/error]}" onto public org.springframework.http.ResponseEntity<java.util.Map<java.lang.String, java.lang.Object>> org.springframework.boot.autoconfigure.web.BasicErrorController.error(javax.servlet.http.HttpServletRequest)
2018-Mar-11 16:53:55.521 INFO  [main] o.s.w.s.m.m.a.RequestMappingHandlerMapping - Mapped "{[/error],produces=[text/html]}" onto public org.springframework.web.servlet.ModelAndView org.springframework.boot.autoconfigure.web.BasicErrorController.errorHtml(javax.servlet.http.HttpServletRequest,javax.servlet.http.HttpServletResponse)
2018-Mar-11 16:53:55.596 INFO  [main] o.s.w.s.h.SimpleUrlHandlerMapping - Mapped URL path [/webjars/**] onto handler of type [class org.springframework.web.servlet.resource.ResourceHttpRequestHandler]
2018-Mar-11 16:53:55.596 INFO  [main] o.s.w.s.h.SimpleUrlHandlerMapping - Mapped URL path [/**] onto handler of type [class org.springframework.web.servlet.resource.ResourceHttpRequestHandler]
2018-Mar-11 16:53:55.703 INFO  [main] o.s.w.s.h.SimpleUrlHandlerMapping - Mapped URL path [/**/favicon.ico] onto handler of type [class org.springframework.web.servlet.resource.ResourceHttpRequestHandler]
2018-Mar-11 16:53:56.252 INFO  [main] o.s.j.e.a.AnnotationMBeanExporter - Registering beans for JMX exposure on startup
2018-Mar-11 16:53:56.393 INFO  [main] o.s.b.c.e.t.TomcatEmbeddedServletContainer - Tomcat started on port(s): 8080 (http)
2018-Mar-11 16:53:56.412 INFO  [main] c.p.student.App - Started App in 6.892 seconds (JVM running for 8.762)
2018-Mar-11 16:53:56.424 INFO  [main] c.p.student.App - Spring Boot Application Started S T U D E N T
2018-Mar-11 16:54:05.816 INFO  [http-nio-8080-exec-2] o.a.c.c.C.[.[.[/] - Initializing Spring FrameworkServlet 'dispatcherServlet'
2018-Mar-11 16:54:05.830 INFO  [http-nio-8080-exec-2] o.s.w.s.DispatcherServlet - FrameworkServlet 'dispatcherServlet': initialization started
2018-Mar-11 16:54:05.902 INFO  [http-nio-8080-exec-2] o.s.w.s.DispatcherServlet - FrameworkServlet 'dispatcherServlet': initialization completed in 72 ms
2018-Mar-11 16:54:05.977 INFO  [http-nio-8080-exec-2] c.p.s.c.StudentController - Executing GetAllStudents..
2018-Mar-11 16:54:58.546 INFO  [RMI TCP Connection(2)-127.0.0.1] o.s.b.a.SpringApplicationAdminMXBeanRegistrar$SpringApplicationAdmin - Application shutdown requested.
2018-Mar-11 16:54:58.578 INFO  [RMI TCP Connection(2)-127.0.0.1] o.s.b.c.e.AnnotationConfigEmbeddedWebApplicationContext - Closing org.springframework.boot.context.embedded.AnnotationConfigEmbeddedWebApplicationContext@1defd3f: startup date [Sun Mar 11 16:53:50 IST 2018]; root of context hierarchy
2018-Mar-11 16:54:58.585 INFO  [RMI TCP Connection(2)-127.0.0.1] o.s.j.e.a.AnnotationMBeanExporter - Unregistering JMX-exposed beans on shutdown
